**************************************************
Report         : passing_points

Reference      : Ref:/WORK/BBPD
Implementation : Imp:/WORK/BBPD
Version        : L-2016.03-SP1
Date           : Fri Jun  7 14:28:26 2024
**************************************************

7 Passing compare points:

  Ref  DFF        Ref:/WORK/BBPD/A_reg
  Impl DFF        Imp:/WORK/BBPD/A_reg

  Ref  DFF        Ref:/WORK/BBPD/B_reg
  Impl DFF        Imp:/WORK/BBPD/B_reg

  Ref  DFF        Ref:/WORK/BBPD/T__reg
  Impl DFF        Imp:/WORK/BBPD/T__reg

  Ref  DFF        Ref:/WORK/BBPD/T_reg
  Impl DFF        Imp:/WORK/BBPD/T_reg

  Ref  Port       Ref:/WORK/BBPD/A
  Impl Port       Imp:/WORK/BBPD/A

  Ref  Port       Ref:/WORK/BBPD/Dn
  Impl Port       Imp:/WORK/BBPD/Dn

  Ref  Port       Ref:/WORK/BBPD/Up
  Impl Port       Imp:/WORK/BBPD/Up

 [BBNet: multiply-driven net
  BBPin: black-box pin
  Cut:   cut-point
  DFF:   non-constant DFF register
  DFF0:  constant 0 DFF register
  DFF1:  constant 1 DFF register
  DFFX:  constant X DFF register
  DFF0X: constrained 0X DFF register
  DFF1X: constrained 1X DFF register
  LAT:   non-constant latch register
  LAT0:  constant 0 latch register
  LAT1:  constant 1 latch register
  LATX:  constant X latch register
  LAT0X: constrained 0X latch register
  LAT1X: constrained 1X latch register
  LATCG: clock-gating latch register
  TLA:   transparent latch register
  TLA0X: transparent constrained 0X latch register
  TLA1X: transparent constrained 1X latch register
  Loop:  cycle break point
  Port:  primary (top-level) port
  Und:   undriven signal cut-point
  Unk:   unknown signal cut-point]

1
