**************************************************
Report         : passing_points

Reference      : Ref:/WORK/PMA_TX
Implementation : Imp:/WORK/PMA_TX
Version        : L-2016.03-SP1
Date           : Fri Jun  7 13:18:15 2024
**************************************************

28 Passing compare points:

  Ref  DFF        Ref:/WORK/PMA_TX/Counter_reg[0]
  Impl DFF        Imp:/WORK/PMA_TX/Counter_reg[0]

  Ref  DFF        Ref:/WORK/PMA_TX/Counter_reg[1]
  Impl DFF        Imp:/WORK/PMA_TX/Counter_reg[1]

  Ref  DFF        Ref:/WORK/PMA_TX/Counter_reg[2]
  Impl DFF        Imp:/WORK/PMA_TX/Counter_reg[2]

  Ref  DFF        Ref:/WORK/PMA_TX/Counter_reg[3]
  Impl DFF        Imp:/WORK/PMA_TX/Counter_reg[3]

  Ref  DFF        Ref:/WORK/PMA_TX/TX_Out_P_reg
  Impl DFF        Imp:/WORK/PMA_TX/TX_Out_P_reg

  Ref  DFF        Ref:/WORK/PMA_TX/Temp_Reg2_reg[0]
  Impl DFF        Imp:/WORK/PMA_TX/Temp_Reg2_reg[0]

  Ref  DFF        Ref:/WORK/PMA_TX/Temp_Reg2_reg[1]
  Impl DFF        Imp:/WORK/PMA_TX/Temp_Reg2_reg[1]

  Ref  DFF        Ref:/WORK/PMA_TX/Temp_Reg2_reg[2]
  Impl DFF        Imp:/WORK/PMA_TX/Temp_Reg2_reg[2]

  Ref  DFF        Ref:/WORK/PMA_TX/Temp_Reg2_reg[3]
  Impl DFF        Imp:/WORK/PMA_TX/Temp_Reg2_reg[3]

  Ref  DFF        Ref:/WORK/PMA_TX/Temp_Reg2_reg[4]
  Impl DFF        Imp:/WORK/PMA_TX/Temp_Reg2_reg[4]

  Ref  DFF        Ref:/WORK/PMA_TX/Temp_Reg2_reg[5]
  Impl DFF        Imp:/WORK/PMA_TX/Temp_Reg2_reg[5]

  Ref  DFF        Ref:/WORK/PMA_TX/Temp_Reg2_reg[6]
  Impl DFF        Imp:/WORK/PMA_TX/Temp_Reg2_reg[6]

  Ref  DFF        Ref:/WORK/PMA_TX/Temp_Reg2_reg[7]
  Impl DFF        Imp:/WORK/PMA_TX/Temp_Reg2_reg[7]

  Ref  DFF        Ref:/WORK/PMA_TX/Temp_Reg2_reg[8]
  Impl DFF        Imp:/WORK/PMA_TX/Temp_Reg2_reg[8]

  Ref  DFF        Ref:/WORK/PMA_TX/Temp_Reg2_reg[9]
  Impl DFF        Imp:/WORK/PMA_TX/Temp_Reg2_reg[9]

  Ref  DFF        Ref:/WORK/PMA_TX/Temp_Reg_reg[0]
  Impl DFF        Imp:/WORK/PMA_TX/Temp_Reg_reg[0]

  Ref  DFF        Ref:/WORK/PMA_TX/Temp_Reg_reg[1]
  Impl DFF        Imp:/WORK/PMA_TX/Temp_Reg_reg[1]

  Ref  DFF        Ref:/WORK/PMA_TX/Temp_Reg_reg[2]
  Impl DFF        Imp:/WORK/PMA_TX/Temp_Reg_reg[2]

  Ref  DFF        Ref:/WORK/PMA_TX/Temp_Reg_reg[3]
  Impl DFF        Imp:/WORK/PMA_TX/Temp_Reg_reg[3]

  Ref  DFF        Ref:/WORK/PMA_TX/Temp_Reg_reg[4]
  Impl DFF        Imp:/WORK/PMA_TX/Temp_Reg_reg[4]

  Ref  DFF        Ref:/WORK/PMA_TX/Temp_Reg_reg[5]
  Impl DFF        Imp:/WORK/PMA_TX/Temp_Reg_reg[5]

  Ref  DFF        Ref:/WORK/PMA_TX/Temp_Reg_reg[6]
  Impl DFF        Imp:/WORK/PMA_TX/Temp_Reg_reg[6]

  Ref  DFF        Ref:/WORK/PMA_TX/Temp_Reg_reg[7]
  Impl DFF        Imp:/WORK/PMA_TX/Temp_Reg_reg[7]

  Ref  DFF        Ref:/WORK/PMA_TX/Temp_Reg_reg[8]
  Impl DFF        Imp:/WORK/PMA_TX/Temp_Reg_reg[8]

  Ref  DFF        Ref:/WORK/PMA_TX/Temp_Reg_reg[9]
  Impl DFF        Imp:/WORK/PMA_TX/Temp_Reg_reg[9]

  Ref  DFF        Ref:/WORK/PMA_TX/flag_reg
  Impl DFF        Imp:/WORK/PMA_TX/flag_reg

  Ref  Port       Ref:/WORK/PMA_TX/TX_Out_N
  Impl Port       Imp:/WORK/PMA_TX/TX_Out_N

  Ref  Port       Ref:/WORK/PMA_TX/TX_Out_P
  Impl Port       Imp:/WORK/PMA_TX/TX_Out_P

 [BBNet: multiply-driven net
  BBPin: black-box pin
  Cut:   cut-point
  DFF:   non-constant DFF register
  DFF0:  constant 0 DFF register
  DFF1:  constant 1 DFF register
  DFFX:  constant X DFF register
  DFF0X: constrained 0X DFF register
  DFF1X: constrained 1X DFF register
  LAT:   non-constant latch register
  LAT0:  constant 0 latch register
  LAT1:  constant 1 latch register
  LATX:  constant X latch register
  LAT0X: constrained 0X latch register
  LAT1X: constrained 1X latch register
  LATCG: clock-gating latch register
  TLA:   transparent latch register
  TLA0X: transparent constrained 0X latch register
  TLA1X: transparent constrained 1X latch register
  Loop:  cycle break point
  Port:  primary (top-level) port
  Und:   undriven signal cut-point
  Unk:   unknown signal cut-point]

1
