**************************************************
Report         : passing_points

Reference      : Ref:/WORK/Serial_to_Parallel
Implementation : Imp:/WORK/Serial_to_Parallel
Version        : L-2016.03-SP1
Date           : Fri Jun  7 13:40:11 2024
**************************************************

20 Passing compare points:

  Ref  DFF        Ref:/WORK/Serial_to_Parallel/Data_Collected_reg[0]
  Impl DFF        Imp:/WORK/Serial_to_Parallel/Data_Collected_reg[0]

  Ref  DFF        Ref:/WORK/Serial_to_Parallel/Data_Collected_reg[1]
  Impl DFF        Imp:/WORK/Serial_to_Parallel/Data_Collected_reg[1]

  Ref  DFF        Ref:/WORK/Serial_to_Parallel/Data_Collected_reg[2]
  Impl DFF        Imp:/WORK/Serial_to_Parallel/Data_Collected_reg[2]

  Ref  DFF        Ref:/WORK/Serial_to_Parallel/Data_Collected_reg[3]
  Impl DFF        Imp:/WORK/Serial_to_Parallel/Data_Collected_reg[3]

  Ref  DFF        Ref:/WORK/Serial_to_Parallel/Data_Collected_reg[4]
  Impl DFF        Imp:/WORK/Serial_to_Parallel/Data_Collected_reg[4]

  Ref  DFF        Ref:/WORK/Serial_to_Parallel/Data_Collected_reg[5]
  Impl DFF        Imp:/WORK/Serial_to_Parallel/Data_Collected_reg[5]

  Ref  DFF        Ref:/WORK/Serial_to_Parallel/Data_Collected_reg[6]
  Impl DFF        Imp:/WORK/Serial_to_Parallel/Data_Collected_reg[6]

  Ref  DFF        Ref:/WORK/Serial_to_Parallel/Data_Collected_reg[7]
  Impl DFF        Imp:/WORK/Serial_to_Parallel/Data_Collected_reg[7]

  Ref  DFF        Ref:/WORK/Serial_to_Parallel/Data_Collected_reg[8]
  Impl DFF        Imp:/WORK/Serial_to_Parallel/Data_Collected_reg[8]

  Ref  DFF        Ref:/WORK/Serial_to_Parallel/Data_Collected_reg[9]
  Impl DFF        Imp:/WORK/Serial_to_Parallel/Data_Collected_reg[9]

  Ref  Port       Ref:/WORK/Serial_to_Parallel/Data_Collected[0]
  Impl Port       Imp:/WORK/Serial_to_Parallel/Data_Collected[0]

  Ref  Port       Ref:/WORK/Serial_to_Parallel/Data_Collected[1]
  Impl Port       Imp:/WORK/Serial_to_Parallel/Data_Collected[1]

  Ref  Port       Ref:/WORK/Serial_to_Parallel/Data_Collected[2]
  Impl Port       Imp:/WORK/Serial_to_Parallel/Data_Collected[2]

  Ref  Port       Ref:/WORK/Serial_to_Parallel/Data_Collected[3]
  Impl Port       Imp:/WORK/Serial_to_Parallel/Data_Collected[3]

  Ref  Port       Ref:/WORK/Serial_to_Parallel/Data_Collected[4]
  Impl Port       Imp:/WORK/Serial_to_Parallel/Data_Collected[4]

  Ref  Port       Ref:/WORK/Serial_to_Parallel/Data_Collected[5]
  Impl Port       Imp:/WORK/Serial_to_Parallel/Data_Collected[5]

  Ref  Port       Ref:/WORK/Serial_to_Parallel/Data_Collected[6]
  Impl Port       Imp:/WORK/Serial_to_Parallel/Data_Collected[6]

  Ref  Port       Ref:/WORK/Serial_to_Parallel/Data_Collected[7]
  Impl Port       Imp:/WORK/Serial_to_Parallel/Data_Collected[7]

  Ref  Port       Ref:/WORK/Serial_to_Parallel/Data_Collected[8]
  Impl Port       Imp:/WORK/Serial_to_Parallel/Data_Collected[8]

  Ref  Port       Ref:/WORK/Serial_to_Parallel/Data_Collected[9]
  Impl Port       Imp:/WORK/Serial_to_Parallel/Data_Collected[9]

 [BBNet: multiply-driven net
  BBPin: black-box pin
  Cut:   cut-point
  DFF:   non-constant DFF register
  DFF0:  constant 0 DFF register
  DFF1:  constant 1 DFF register
  DFFX:  constant X DFF register
  DFF0X: constrained 0X DFF register
  DFF1X: constrained 1X DFF register
  LAT:   non-constant latch register
  LAT0:  constant 0 latch register
  LAT1:  constant 1 latch register
  LATX:  constant X latch register
  LAT0X: constrained 0X latch register
  LAT1X: constrained 1X latch register
  LATCG: clock-gating latch register
  TLA:   transparent latch register
  TLA0X: transparent constrained 0X latch register
  TLA1X: transparent constrained 1X latch register
  Loop:  cycle break point
  Port:  primary (top-level) port
  Und:   undriven signal cut-point
  Unk:   unknown signal cut-point]

1
